<?xml version="1.0" encoding="UTF-8"?>
<testsuite xmlns:xsi="http://www.w3.org/2001/XMLSchema-instance" xsi:noNamespaceSchemaLocation="https://maven.apache.org/surefire/maven-surefire-plugin/xsd/surefire-test-report-3.0.xsd" version="3.0" name="com.kukky.embedded.infinispan.ApplicationTests" time="3.745" tests="1" errors="0" skipped="0" failures="0">
  <properties>
    <property name="java.specification.version" value="17"/>
    <property name="sun.jnu.encoding" value="UTF-8"/>
    <property name="java.class.path" value="/Users/vinodatwal/Downloads/embedded-infinispan/target/test-classes:/Users/vinodatwal/Downloads/embedded-infinispan/target/classes:/Users/vinodatwal/.m2/repository/org/springframework/boot/spring-boot-starter-web/3.3.4/spring-boot-starter-web-3.3.4.jar:/Users/vinodatwal/.m2/repository/org/springframework/boot/spring-boot-starter/3.3.4/spring-boot-starter-3.3.4.jar:/Users/vinodatwal/.m2/repository/org/springframework/boot/spring-boot/3.3.4/spring-boot-3.3.4.jar:/Users/vinodatwal/.m2/repository/org/springframework/boot/spring-boot-autoconfigure/3.3.4/spring-boot-autoconfigure-3.3.4.jar:/Users/vinodatwal/.m2/repository/org/springframework/boot/spring-boot-starter-logging/3.3.4/spring-boot-starter-logging-3.3.4.jar:/Users/vinodatwal/.m2/repository/ch/qos/logback/logback-classic/1.5.8/logback-classic-1.5.8.jar:/Users/vinodatwal/.m2/repository/ch/qos/logback/logback-core/1.5.8/logback-core-1.5.8.jar:/Users/vinodatwal/.m2/repository/org/apache/logging/log4j/log4j-to-slf4j/2.23.1/log4j-to-slf4j-2.23.1.jar:/Users/vinodatwal/.m2/repository/org/apache/logging/log4j/log4j-api/2.23.1/log4j-api-2.23.1.jar:/Users/vinodatwal/.m2/repository/org/slf4j/jul-to-slf4j/2.0.16/jul-to-slf4j-2.0.16.jar:/Users/vinodatwal/.m2/repository/org/yaml/snakeyaml/2.2/snakeyaml-2.2.jar:/Users/vinodatwal/.m2/repository/org/springframework/boot/spring-boot-starter-json/3.3.4/spring-boot-starter-json-3.3.4.jar:/Users/vinodatwal/.m2/repository/com/fasterxml/jackson/core/jackson-databind/2.17.2/jackson-databind-2.17.2.jar:/Users/vinodatwal/.m2/repository/com/fasterxml/jackson/core/jackson-annotations/2.17.2/jackson-annotations-2.17.2.jar:/Users/vinodatwal/.m2/repository/com/fasterxml/jackson/core/jackson-core/2.17.2/jackson-core-2.17.2.jar:/Users/vinodatwal/.m2/repository/com/fasterxml/jackson/datatype/jackson-datatype-jdk8/2.17.2/jackson-datatype-jdk8-2.17.2.jar:/Users/vinodatwal/.m2/repository/com/fasterxml/jackson/datatype/jackson-datatype-jsr310/2.17.2/jackson-datatype-jsr310-2.17.2.jar:/Users/vinodatwal/.m2/repository/com/fasterxml/jackson/module/jackson-module-parameter-names/2.17.2/jackson-module-parameter-names-2.17.2.jar:/Users/vinodatwal/.m2/repository/org/springframework/boot/spring-boot-starter-tomcat/3.3.4/spring-boot-starter-tomcat-3.3.4.jar:/Users/vinodatwal/.m2/repository/org/apache/tomcat/embed/tomcat-embed-core/10.1.30/tomcat-embed-core-10.1.30.jar:/Users/vinodatwal/.m2/repository/org/apache/tomcat/embed/tomcat-embed-el/10.1.30/tomcat-embed-el-10.1.30.jar:/Users/vinodatwal/.m2/repository/org/apache/tomcat/embed/tomcat-embed-websocket/10.1.30/tomcat-embed-websocket-10.1.30.jar:/Users/vinodatwal/.m2/repository/org/springframework/spring-web/6.1.13/spring-web-6.1.13.jar:/Users/vinodatwal/.m2/repository/org/springframework/spring-beans/6.1.13/spring-beans-6.1.13.jar:/Users/vinodatwal/.m2/repository/io/micrometer/micrometer-observation/1.13.4/micrometer-observation-1.13.4.jar:/Users/vinodatwal/.m2/repository/io/micrometer/micrometer-commons/1.13.4/micrometer-commons-1.13.4.jar:/Users/vinodatwal/.m2/repository/org/springframework/spring-webmvc/6.1.13/spring-webmvc-6.1.13.jar:/Users/vinodatwal/.m2/repository/org/springframework/spring-aop/6.1.13/spring-aop-6.1.13.jar:/Users/vinodatwal/.m2/repository/org/springframework/spring-context/6.1.13/spring-context-6.1.13.jar:/Users/vinodatwal/.m2/repository/org/springframework/spring-expression/6.1.13/spring-expression-6.1.13.jar:/Users/vinodatwal/.m2/repository/org/infinispan/infinispan-spring-boot3-starter-embedded/15.0.10.Final/infinispan-spring-boot3-starter-embedded-15.0.10.Final.jar:/Users/vinodatwal/.m2/repository/jakarta/transaction/jakarta.transaction-api/2.0.1/jakarta.transaction-api-2.0.1.jar:/Users/vinodatwal/.m2/repository/jakarta/annotation/jakarta.annotation-api/2.1.1/jakarta.annotation-api-2.1.1.jar:/Users/vinodatwal/.m2/repository/org/infinispan/infinispan-core/15.0.8.Final/infinispan-core-15.0.8.Final.jar:/Users/vinodatwal/.m2/repository/org/infinispan/infinispan-commons/15.0.8.Final/infinispan-commons-15.0.8.Final.jar:/Users/vinodatwal/.m2/repository/io/reactivex/rxjava3/rxjava/3.1.9/rxjava-3.1.9.jar:/Users/vinodatwal/.m2/repository/org/reactivestreams/reactive-streams/1.0.4/reactive-streams-1.0.4.jar:/Users/vinodatwal/.m2/repository/org/infinispan/protostream/protostream/5.0.8.Final/protostream-5.0.8.Final.jar:/Users/vinodatwal/.m2/repository/org/infinispan/protostream/protostream-types/5.0.8.Final/protostream-types-5.0.8.Final.jar:/Users/vinodatwal/.m2/repository/org/infinispan/protostream/protostream-processor/5.0.8.Final/protostream-processor-5.0.8.Final.jar:/Users/vinodatwal/.m2/repository/com/github/ben-manes/caffeine/caffeine/3.1.8/caffeine-3.1.8.jar:/Users/vinodatwal/.m2/repository/org/jboss/logging/jboss-logging/3.5.3.Final/jboss-logging-3.5.3.Final.jar:/Users/vinodatwal/.m2/repository/org/jboss/threads/jboss-threads/3.6.1.Final/jboss-threads-3.6.1.Final.jar:/Users/vinodatwal/.m2/repository/org/wildfly/common/wildfly-common/1.7.0.Final/wildfly-common-1.7.0.Final.jar:/Users/vinodatwal/.m2/repository/org/infinispan/infinispan-spring6-embedded/15.0.8.Final/infinispan-spring6-embedded-15.0.8.Final.jar:/Users/vinodatwal/.m2/repository/org/infinispan/infinispan-spring6-common/15.0.8.Final/infinispan-spring6-common-15.0.8.Final.jar:/Users/vinodatwal/.m2/repository/org/infinispan/infinispan-api/15.0.8.Final/infinispan-api-15.0.8.Final.jar:/Users/vinodatwal/.m2/repository/org/jgroups/jgroups/5.3.12.Final/jgroups-5.3.12.Final.jar:/Users/vinodatwal/.m2/repository/org/springframework/boot/spring-boot-starter-test/3.3.4/spring-boot-starter-test-3.3.4.jar:/Users/vinodatwal/.m2/repository/org/springframework/boot/spring-boot-test/3.3.4/spring-boot-test-3.3.4.jar:/Users/vinodatwal/.m2/repository/org/springframework/boot/spring-boot-test-autoconfigure/3.3.4/spring-boot-test-autoconfigure-3.3.4.jar:/Users/vinodatwal/.m2/repository/com/jayway/jsonpath/json-path/2.9.0/json-path-2.9.0.jar:/Users/vinodatwal/.m2/repository/org/slf4j/slf4j-api/2.0.16/slf4j-api-2.0.16.jar:/Users/vinodatwal/.m2/repository/jakarta/xml/bind/jakarta.xml.bind-api/4.0.2/jakarta.xml.bind-api-4.0.2.jar:/Users/vinodatwal/.m2/repository/jakarta/activation/jakarta.activation-api/2.1.3/jakarta.activation-api-2.1.3.jar:/Users/vinodatwal/.m2/repository/net/minidev/json-smart/2.5.1/json-smart-2.5.1.jar:/Users/vinodatwal/.m2/repository/net/minidev/accessors-smart/2.5.1/accessors-smart-2.5.1.jar:/Users/vinodatwal/.m2/repository/org/ow2/asm/asm/9.6/asm-9.6.jar:/Users/vinodatwal/.m2/repository/org/assertj/assertj-core/3.25.3/assertj-core-3.25.3.jar:/Users/vinodatwal/.m2/repository/net/bytebuddy/byte-buddy/1.14.19/byte-buddy-1.14.19.jar:/Users/vinodatwal/.m2/repository/org/awaitility/awaitility/4.2.2/awaitility-4.2.2.jar:/Users/vinodatwal/.m2/repository/org/hamcrest/hamcrest/2.2/hamcrest-2.2.jar:/Users/vinodatwal/.m2/repository/org/junit/jupiter/junit-jupiter/5.10.3/junit-jupiter-5.10.3.jar:/Users/vinodatwal/.m2/repository/org/junit/jupiter/junit-jupiter-api/5.10.3/junit-jupiter-api-5.10.3.jar:/Users/vinodatwal/.m2/repository/org/opentest4j/opentest4j/1.3.0/opentest4j-1.3.0.jar:/Users/vinodatwal/.m2/repository/org/junit/platform/junit-platform-commons/1.10.3/junit-platform-commons-1.10.3.jar:/Users/vinodatwal/.m2/repository/org/apiguardian/apiguardian-api/1.1.2/apiguardian-api-1.1.2.jar:/Users/vinodatwal/.m2/repository/org/junit/jupiter/junit-jupiter-params/5.10.3/junit-jupiter-params-5.10.3.jar:/Users/vinodatwal/.m2/repository/org/junit/jupiter/junit-jupiter-engine/5.10.3/junit-jupiter-engine-5.10.3.jar:/Users/vinodatwal/.m2/repository/org/junit/platform/junit-platform-engine/1.10.3/junit-platform-engine-1.10.3.jar:/Users/vinodatwal/.m2/repository/org/mockito/mockito-core/5.11.0/mockito-core-5.11.0.jar:/Users/vinodatwal/.m2/repository/net/bytebuddy/byte-buddy-agent/1.14.19/byte-buddy-agent-1.14.19.jar:/Users/vinodatwal/.m2/repository/org/objenesis/objenesis/3.3/objenesis-3.3.jar:/Users/vinodatwal/.m2/repository/org/mockito/mockito-junit-jupiter/5.11.0/mockito-junit-jupiter-5.11.0.jar:/Users/vinodatwal/.m2/repository/org/skyscreamer/jsonassert/1.5.3/jsonassert-1.5.3.jar:/Users/vinodatwal/.m2/repository/com/vaadin/external/google/android-json/0.0.20131108.vaadin1/android-json-0.0.20131108.vaadin1.jar:/Users/vinodatwal/.m2/repository/org/springframework/spring-core/6.1.13/spring-core-6.1.13.jar:/Users/vinodatwal/.m2/repository/org/springframework/spring-jcl/6.1.13/spring-jcl-6.1.13.jar:/Users/vinodatwal/.m2/repository/org/springframework/spring-test/6.1.13/spring-test-6.1.13.jar:/Users/vinodatwal/.m2/repository/org/xmlunit/xmlunit-core/2.9.1/xmlunit-core-2.9.1.jar:"/>
    <property name="java.vm.vendor" value="Amazon.com Inc."/>
    <property name="sun.arch.data.model" value="64"/>
    <property name="java.vendor.url" value="https://aws.amazon.com/corretto/"/>
    <property name="user.timezone" value="Asia/Kolkata"/>
    <property name="org.jboss.logging.provider" value="slf4j"/>
    <property name="os.name" value="Mac OS X"/>
    <property name="java.vm.specification.version" value="17"/>
    <property name="sun.java.launcher" value="SUN_STANDARD"/>
    <property name="user.country" value="US"/>
    <property name="sun.boot.library.path" value="/Users/vinodatwal/Library/Java/JavaVirtualMachines/corretto-17.0.12/Contents/Home/lib"/>
    <property name="sun.java.command" value="/Users/vinodatwal/Downloads/embedded-infinispan/target/surefire/surefirebooter-20241010115146613_3.jar /Users/vinodatwal/Downloads/embedded-infinispan/target/surefire 2024-10-10T11-51-46_568-jvmRun1 surefire-20241010115146613_1tmp surefire_0-20241010115146613_2tmp"/>
    <property name="http.nonProxyHosts" value="local|*.local|169.254/16|*.169.254/16"/>
    <property name="jdk.debug" value="release"/>
    <property name="surefire.test.class.path" value="/Users/vinodatwal/Downloads/embedded-infinispan/target/test-classes:/Users/vinodatwal/Downloads/embedded-infinispan/target/classes:/Users/vinodatwal/.m2/repository/org/springframework/boot/spring-boot-starter-web/3.3.4/spring-boot-starter-web-3.3.4.jar:/Users/vinodatwal/.m2/repository/org/springframework/boot/spring-boot-starter/3.3.4/spring-boot-starter-3.3.4.jar:/Users/vinodatwal/.m2/repository/org/springframework/boot/spring-boot/3.3.4/spring-boot-3.3.4.jar:/Users/vinodatwal/.m2/repository/org/springframework/boot/spring-boot-autoconfigure/3.3.4/spring-boot-autoconfigure-3.3.4.jar:/Users/vinodatwal/.m2/repository/org/springframework/boot/spring-boot-starter-logging/3.3.4/spring-boot-starter-logging-3.3.4.jar:/Users/vinodatwal/.m2/repository/ch/qos/logback/logback-classic/1.5.8/logback-classic-1.5.8.jar:/Users/vinodatwal/.m2/repository/ch/qos/logback/logback-core/1.5.8/logback-core-1.5.8.jar:/Users/vinodatwal/.m2/repository/org/apache/logging/log4j/log4j-to-slf4j/2.23.1/log4j-to-slf4j-2.23.1.jar:/Users/vinodatwal/.m2/repository/org/apache/logging/log4j/log4j-api/2.23.1/log4j-api-2.23.1.jar:/Users/vinodatwal/.m2/repository/org/slf4j/jul-to-slf4j/2.0.16/jul-to-slf4j-2.0.16.jar:/Users/vinodatwal/.m2/repository/org/yaml/snakeyaml/2.2/snakeyaml-2.2.jar:/Users/vinodatwal/.m2/repository/org/springframework/boot/spring-boot-starter-json/3.3.4/spring-boot-starter-json-3.3.4.jar:/Users/vinodatwal/.m2/repository/com/fasterxml/jackson/core/jackson-databind/2.17.2/jackson-databind-2.17.2.jar:/Users/vinodatwal/.m2/repository/com/fasterxml/jackson/core/jackson-annotations/2.17.2/jackson-annotations-2.17.2.jar:/Users/vinodatwal/.m2/repository/com/fasterxml/jackson/core/jackson-core/2.17.2/jackson-core-2.17.2.jar:/Users/vinodatwal/.m2/repository/com/fasterxml/jackson/datatype/jackson-datatype-jdk8/2.17.2/jackson-datatype-jdk8-2.17.2.jar:/Users/vinodatwal/.m2/repository/com/fasterxml/jackson/datatype/jackson-datatype-jsr310/2.17.2/jackson-datatype-jsr310-2.17.2.jar:/Users/vinodatwal/.m2/repository/com/fasterxml/jackson/module/jackson-module-parameter-names/2.17.2/jackson-module-parameter-names-2.17.2.jar:/Users/vinodatwal/.m2/repository/org/springframework/boot/spring-boot-starter-tomcat/3.3.4/spring-boot-starter-tomcat-3.3.4.jar:/Users/vinodatwal/.m2/repository/org/apache/tomcat/embed/tomcat-embed-core/10.1.30/tomcat-embed-core-10.1.30.jar:/Users/vinodatwal/.m2/repository/org/apache/tomcat/embed/tomcat-embed-el/10.1.30/tomcat-embed-el-10.1.30.jar:/Users/vinodatwal/.m2/repository/org/apache/tomcat/embed/tomcat-embed-websocket/10.1.30/tomcat-embed-websocket-10.1.30.jar:/Users/vinodatwal/.m2/repository/org/springframework/spring-web/6.1.13/spring-web-6.1.13.jar:/Users/vinodatwal/.m2/repository/org/springframework/spring-beans/6.1.13/spring-beans-6.1.13.jar:/Users/vinodatwal/.m2/repository/io/micrometer/micrometer-observation/1.13.4/micrometer-observation-1.13.4.jar:/Users/vinodatwal/.m2/repository/io/micrometer/micrometer-commons/1.13.4/micrometer-commons-1.13.4.jar:/Users/vinodatwal/.m2/repository/org/springframework/spring-webmvc/6.1.13/spring-webmvc-6.1.13.jar:/Users/vinodatwal/.m2/repository/org/springframework/spring-aop/6.1.13/spring-aop-6.1.13.jar:/Users/vinodatwal/.m2/repository/org/springframework/spring-context/6.1.13/spring-context-6.1.13.jar:/Users/vinodatwal/.m2/repository/org/springframework/spring-expression/6.1.13/spring-expression-6.1.13.jar:/Users/vinodatwal/.m2/repository/org/infinispan/infinispan-spring-boot3-starter-embedded/15.0.10.Final/infinispan-spring-boot3-starter-embedded-15.0.10.Final.jar:/Users/vinodatwal/.m2/repository/jakarta/transaction/jakarta.transaction-api/2.0.1/jakarta.transaction-api-2.0.1.jar:/Users/vinodatwal/.m2/repository/jakarta/annotation/jakarta.annotation-api/2.1.1/jakarta.annotation-api-2.1.1.jar:/Users/vinodatwal/.m2/repository/org/infinispan/infinispan-core/15.0.8.Final/infinispan-core-15.0.8.Final.jar:/Users/vinodatwal/.m2/repository/org/infinispan/infinispan-commons/15.0.8.Final/infinispan-commons-15.0.8.Final.jar:/Users/vinodatwal/.m2/repository/io/reactivex/rxjava3/rxjava/3.1.9/rxjava-3.1.9.jar:/Users/vinodatwal/.m2/repository/org/reactivestreams/reactive-streams/1.0.4/reactive-streams-1.0.4.jar:/Users/vinodatwal/.m2/repository/org/infinispan/protostream/protostream/5.0.8.Final/protostream-5.0.8.Final.jar:/Users/vinodatwal/.m2/repository/org/infinispan/protostream/protostream-types/5.0.8.Final/protostream-types-5.0.8.Final.jar:/Users/vinodatwal/.m2/repository/org/infinispan/protostream/protostream-processor/5.0.8.Final/protostream-processor-5.0.8.Final.jar:/Users/vinodatwal/.m2/repository/com/github/ben-manes/caffeine/caffeine/3.1.8/caffeine-3.1.8.jar:/Users/vinodatwal/.m2/repository/org/jboss/logging/jboss-logging/3.5.3.Final/jboss-logging-3.5.3.Final.jar:/Users/vinodatwal/.m2/repository/org/jboss/threads/jboss-threads/3.6.1.Final/jboss-threads-3.6.1.Final.jar:/Users/vinodatwal/.m2/repository/org/wildfly/common/wildfly-common/1.7.0.Final/wildfly-common-1.7.0.Final.jar:/Users/vinodatwal/.m2/repository/org/infinispan/infinispan-spring6-embedded/15.0.8.Final/infinispan-spring6-embedded-15.0.8.Final.jar:/Users/vinodatwal/.m2/repository/org/infinispan/infinispan-spring6-common/15.0.8.Final/infinispan-spring6-common-15.0.8.Final.jar:/Users/vinodatwal/.m2/repository/org/infinispan/infinispan-api/15.0.8.Final/infinispan-api-15.0.8.Final.jar:/Users/vinodatwal/.m2/repository/org/jgroups/jgroups/5.3.12.Final/jgroups-5.3.12.Final.jar:/Users/vinodatwal/.m2/repository/org/springframework/boot/spring-boot-starter-test/3.3.4/spring-boot-starter-test-3.3.4.jar:/Users/vinodatwal/.m2/repository/org/springframework/boot/spring-boot-test/3.3.4/spring-boot-test-3.3.4.jar:/Users/vinodatwal/.m2/repository/org/springframework/boot/spring-boot-test-autoconfigure/3.3.4/spring-boot-test-autoconfigure-3.3.4.jar:/Users/vinodatwal/.m2/repository/com/jayway/jsonpath/json-path/2.9.0/json-path-2.9.0.jar:/Users/vinodatwal/.m2/repository/org/slf4j/slf4j-api/2.0.16/slf4j-api-2.0.16.jar:/Users/vinodatwal/.m2/repository/jakarta/xml/bind/jakarta.xml.bind-api/4.0.2/jakarta.xml.bind-api-4.0.2.jar:/Users/vinodatwal/.m2/repository/jakarta/activation/jakarta.activation-api/2.1.3/jakarta.activation-api-2.1.3.jar:/Users/vinodatwal/.m2/repository/net/minidev/json-smart/2.5.1/json-smart-2.5.1.jar:/Users/vinodatwal/.m2/repository/net/minidev/accessors-smart/2.5.1/accessors-smart-2.5.1.jar:/Users/vinodatwal/.m2/repository/org/ow2/asm/asm/9.6/asm-9.6.jar:/Users/vinodatwal/.m2/repository/org/assertj/assertj-core/3.25.3/assertj-core-3.25.3.jar:/Users/vinodatwal/.m2/repository/net/bytebuddy/byte-buddy/1.14.19/byte-buddy-1.14.19.jar:/Users/vinodatwal/.m2/repository/org/awaitility/awaitility/4.2.2/awaitility-4.2.2.jar:/Users/vinodatwal/.m2/repository/org/hamcrest/hamcrest/2.2/hamcrest-2.2.jar:/Users/vinodatwal/.m2/repository/org/junit/jupiter/junit-jupiter/5.10.3/junit-jupiter-5.10.3.jar:/Users/vinodatwal/.m2/repository/org/junit/jupiter/junit-jupiter-api/5.10.3/junit-jupiter-api-5.10.3.jar:/Users/vinodatwal/.m2/repository/org/opentest4j/opentest4j/1.3.0/opentest4j-1.3.0.jar:/Users/vinodatwal/.m2/repository/org/junit/platform/junit-platform-commons/1.10.3/junit-platform-commons-1.10.3.jar:/Users/vinodatwal/.m2/repository/org/apiguardian/apiguardian-api/1.1.2/apiguardian-api-1.1.2.jar:/Users/vinodatwal/.m2/repository/org/junit/jupiter/junit-jupiter-params/5.10.3/junit-jupiter-params-5.10.3.jar:/Users/vinodatwal/.m2/repository/org/junit/jupiter/junit-jupiter-engine/5.10.3/junit-jupiter-engine-5.10.3.jar:/Users/vinodatwal/.m2/repository/org/junit/platform/junit-platform-engine/1.10.3/junit-platform-engine-1.10.3.jar:/Users/vinodatwal/.m2/repository/org/mockito/mockito-core/5.11.0/mockito-core-5.11.0.jar:/Users/vinodatwal/.m2/repository/net/bytebuddy/byte-buddy-agent/1.14.19/byte-buddy-agent-1.14.19.jar:/Users/vinodatwal/.m2/repository/org/objenesis/objenesis/3.3/objenesis-3.3.jar:/Users/vinodatwal/.m2/repository/org/mockito/mockito-junit-jupiter/5.11.0/mockito-junit-jupiter-5.11.0.jar:/Users/vinodatwal/.m2/repository/org/skyscreamer/jsonassert/1.5.3/jsonassert-1.5.3.jar:/Users/vinodatwal/.m2/repository/com/vaadin/external/google/android-json/0.0.20131108.vaadin1/android-json-0.0.20131108.vaadin1.jar:/Users/vinodatwal/.m2/repository/org/springframework/spring-core/6.1.13/spring-core-6.1.13.jar:/Users/vinodatwal/.m2/repository/org/springframework/spring-jcl/6.1.13/spring-jcl-6.1.13.jar:/Users/vinodatwal/.m2/repository/org/springframework/spring-test/6.1.13/spring-test-6.1.13.jar:/Users/vinodatwal/.m2/repository/org/xmlunit/xmlunit-core/2.9.1/xmlunit-core-2.9.1.jar:"/>
    <property name="sun.cpu.endian" value="little"/>
    <property name="user.home" value="/Users/vinodatwal"/>
    <property name="user.language" value="en"/>
    <property name="java.specification.vendor" value="Oracle Corporation"/>
    <property name="java.version.date" value="2024-07-16"/>
    <property name="java.home" value="/Users/vinodatwal/Library/Java/JavaVirtualMachines/corretto-17.0.12/Contents/Home"/>
    <property name="file.separator" value="/"/>
    <property name="basedir" value="/Users/vinodatwal/Downloads/embedded-infinispan"/>
    <property name="java.vm.compressedOopsMode" value="Zero based"/>
    <property name="line.separator" value="&#10;"/>
    <property name="java.vm.specification.vendor" value="Oracle Corporation"/>
    <property name="java.specification.name" value="Java Platform API Specification"/>
    <property name="FILE_LOG_CHARSET" value="UTF-8"/>
    <property name="java.awt.headless" value="true"/>
    <property name="surefire.real.class.path" value="/Users/vinodatwal/Downloads/embedded-infinispan/target/surefire/surefirebooter-20241010115146613_3.jar"/>
    <property name="sun.management.compiler" value="HotSpot 64-Bit Tiered Compilers"/>
    <property name="ftp.nonProxyHosts" value="local|*.local|169.254/16|*.169.254/16"/>
    <property name="java.runtime.version" value="17.0.12+7-LTS"/>
    <property name="user.name" value="vinodatwal"/>
    <property name="path.separator" value=":"/>
    <property name="os.version" value="15.0.1"/>
    <property name="java.runtime.name" value="OpenJDK Runtime Environment"/>
    <property name="file.encoding" value="UTF-8"/>
    <property name="java.vm.name" value="OpenJDK 64-Bit Server VM"/>
    <property name="java.vendor.version" value="Corretto-17.0.12.7.1"/>
    <property name="localRepository" value="/Users/vinodatwal/.m2/repository"/>
    <property name="java.vendor.url.bug" value="https://github.com/corretto/corretto-17/issues/"/>
    <property name="java.io.tmpdir" value="/var/folders/g5/xd7g4t010j75gw3ycn6k1p0c0000gn/T/"/>
    <property name="idea.version" value="2024.1.1"/>
    <property name="java.version" value="17.0.12"/>
    <property name="user.dir" value="/Users/vinodatwal/Downloads/embedded-infinispan"/>
    <property name="os.arch" value="aarch64"/>
    <property name="java.vm.specification.name" value="Java Virtual Machine Specification"/>
    <property name="PID" value="39600"/>
    <property name="CONSOLE_LOG_CHARSET" value="UTF-8"/>
    <property name="native.encoding" value="UTF-8"/>
    <property name="java.library.path" value="/Users/vinodatwal/Library/Java/Extensions:/Library/Java/Extensions:/Network/Library/Java/Extensions:/System/Library/Java/Extensions:/usr/lib/java:."/>
    <property name="java.vm.info" value="mixed mode, sharing"/>
    <property name="java.vendor" value="Amazon.com Inc."/>
    <property name="java.vm.version" value="17.0.12+7-LTS"/>
    <property name="sun.io.unicode.encoding" value="UnicodeBig"/>
    <property name="socksNonProxyHosts" value="local|*.local|169.254/16|*.169.254/16"/>
    <property name="java.class.version" value="61.0"/>
    <property name="LOGGED_APPLICATION_NAME" value="[embedded.infinispan] "/>
  </properties>
  <testcase name="contextLoads" classname="com.kukky.embedded.infinispan.ApplicationTests" time="0.382">
    <system-out><![CDATA[11:51:46.932 [main] INFO org.springframework.test.context.support.AnnotationConfigContextLoaderUtils -- Could not detect default configuration classes for test class [com.kukky.embedded.infinispan.ApplicationTests]: ApplicationTests does not declare any static, non-private, non-final, nested classes annotated with @Configuration.
11:51:46.973 [main] INFO org.springframework.boot.test.context.SpringBootTestContextBootstrapper -- Found @SpringBootConfiguration com.kukky.embedded.infinispan.Application for test class com.kukky.embedded.infinispan.ApplicationTests

  .   ____          _            __ _ _
 /\\ / ___'_ __ _ _(_)_ __  __ _ \ \ \ \
( ( )\___ | '_ | '_| | '_ \/ _` | \ \ \ \
 \\/  ___)| |_)| | | | | || (_| |  ) ) ) )
  '  |____| .__|_| |_|_| |_\__, | / / / /
 =========|_|==============|___/=/_/_/_/

 :: Spring Boot ::                (v3.3.4)

2024-10-10T11:51:47.113+05:30  INFO 39600 --- [embedded.infinispan] [           main] c.k.e.infinispan.ApplicationTests        : Starting ApplicationTests using Java 17.0.12 with PID 39600 (started by vinodatwal in /Users/vinodatwal/Downloads/embedded-infinispan)
2024-10-10T11:51:47.114+05:30  INFO 39600 --- [embedded.infinispan] [           main] c.k.e.infinispan.ApplicationTests        : No active profile set, falling back to 1 default profile: "default"
2024-10-10T11:51:47.640+05:30  INFO 39600 --- [embedded.infinispan] [           main] org.infinispan.CONTAINER                 : ISPN000556: Starting user marshaller 'org.infinispan.commons.marshall.ImmutableProtoStreamMarshaller'
2024-10-10T11:51:47.732+05:30  INFO 39600 --- [embedded.infinispan] [           main] org.infinispan.CLUSTER                   : ISPN000078: Starting JGroups channel `infinispan-cluster-global` with stack `jgroups`
2024-10-10T11:51:47.742+05:30  INFO 39600 --- [embedded.infinispan] [           main] org.jgroups.JChannel                     : local_addr: f2c0ceaa-c827-44c4-afa5-151760d9f691, name: Vinods-Laptop-64214

-------------------------------------------------------------------
GMS: address=Vinods-Laptop-64214, cluster=infinispan-cluster-global, physical address=127.0.0.1:7800
-------------------------------------------------------------------
2024-10-10T11:51:49.764+05:30  INFO 39600 --- [embedded.infinispan] [           main] org.jgroups.protocols.pbcast.GMS         : Vinods-Laptop-64214: no members discovered after 2007 ms: creating cluster as coordinator
2024-10-10T11:51:49.777+05:30  INFO 39600 --- [embedded.infinispan] [           main] org.infinispan.CLUSTER                   : ISPN000094: Received new cluster view for channel infinispan-cluster-global: [Vinods-Laptop-64214|0] (1) [Vinods-Laptop-64214]
2024-10-10T11:51:49.791+05:30  INFO 39600 --- [embedded.infinispan] [           main] org.infinispan.CLUSTER                   : ISPN000079: Channel `infinispan-cluster-global` local address is `Vinods-Laptop-64214`, physical addresses are `[127.0.0.1:7800]`
2024-10-10T11:51:50.218+05:30  INFO 39600 --- [embedded.infinispan] [           main] c.k.e.infinispan.ApplicationTests        : Started ApplicationTests in 3.196 seconds (process running for 3.558)
123
]]></system-out>
  </testcase>
</testsuite>